{"/Users/ziarahman/dev/MLDev/worldtimez/src/services/CityService.ts": {"path":"/Users/ziarahman/dev/MLDev/worldtimez/src/services/CityService.ts","statementMap":{"0":{"start":{"line":1,"column":0},"end":{"line":1,"column":58}},"1":{"start":{"line":12,"column":12},"end":{"line":12,"column":null}},"2":{"start":{"line":13,"column":12},"end":{"line":13,"column":null}},"3":{"start":{"line":14,"column":12},"end":{"line":14,"column":null}},"4":{"start":{"line":15,"column":12},"end":{"line":15,"column":null}},"5":{"start":{"line":19,"column":4},"end":{"line":19,"column":34}},"6":{"start":{"line":23,"column":19},"end":{"line":23,"column":42}},"7":{"start":{"line":24,"column":4},"end":{"line":24,"column":24}},"8":{"start":{"line":24,"column":17},"end":{"line":24,"column":24}},"9":{"start":{"line":26,"column":4},"end":{"line":29,"column":7}},"10":{"start":{"line":27,"column":18},"end":{"line":27,"column":48}},"11":{"start":{"line":28,"column":6},"end":{"line":28,"column":39}},"12":{"start":{"line":30,"column":4},"end":{"line":30,"column":35}},"13":{"start":{"line":34,"column":4},"end":{"line":36,"column":5}},"14":{"start":{"line":35,"column":6},"end":{"line":35,"column":49}},"15":{"start":{"line":39,"column":23},"end":{"line":39,"column":42}},"16":{"start":{"line":40,"column":21},"end":{"line":40,"column":46}},"17":{"start":{"line":41,"column":26},"end":{"line":41,"column":56}},"18":{"start":{"line":42,"column":4},"end":{"line":44,"column":5}},"19":{"start":{"line":43,"column":6},"end":{"line":43,"column":27}},"20":{"start":{"line":47,"column":20},"end":{"line":54,"column":22}},"21":{"start":{"line":49,"column":29},"end":{"line":50,"column":75}},"22":{"start":{"line":51,"column":30},"end":{"line":51,"column":73}},"23":{"start":{"line":52,"column":8},"end":{"line":52,"column":45}},"24":{"start":{"line":57,"column":4},"end":{"line":57,"column":44}},"25":{"start":{"line":58,"column":4},"end":{"line":58,"column":19}},"26":{"start":{"line":62,"column":4},"end":{"line":62,"column":40}},"27":{"start":{"line":62,"column":33},"end":{"line":62,"column":40}},"28":{"start":{"line":63,"column":4},"end":{"line":63,"column":34}},"29":{"start":{"line":67,"column":24},"end":{"line":67,"column":46}},"30":{"start":{"line":68,"column":25},"end":{"line":70,"column":13}},"31":{"start":{"line":69,"column":21},"end":{"line":69,"column":48}},"32":{"start":{"line":71,"column":4},"end":{"line":71,"column":38}},"33":{"start":{"line":76,"column":4},"end":{"line":76,"column":26}},"34":{"start":{"line":80,"column":4},"end":{"line":80,"column":31}},"35":{"start":{"line":84,"column":4},"end":{"line":84,"column":28}},"36":{"start":{"line":88,"column":4},"end":{"line":88,"column":35}},"37":{"start":{"line":92,"column":4},"end":{"line":92,"column":29}},"38":{"start":{"line":96,"column":4},"end":{"line":96,"column":37}},"39":{"start":{"line":100,"column":4},"end":{"line":100,"column":35}},"40":{"start":{"line":104,"column":4},"end":{"line":104,"column":49}},"41":{"start":{"line":11,"column":0},"end":{"line":11,"column":13}},"42":{"start":{"line":110,"column":4},"end":{"line":112,"column":5}},"43":{"start":{"line":111,"column":6},"end":{"line":111,"column":16}},"44":{"start":{"line":114,"column":23},"end":{"line":114,"column":42}},"45":{"start":{"line":115,"column":4},"end":{"line":115,"column":46}},"46":{"start":{"line":116,"column":4},"end":{"line":116,"column":53}},"47":{"start":{"line":118,"column":26},"end":{"line":118,"column":58}},"48":{"start":{"line":119,"column":4},"end":{"line":122,"column":5}},"49":{"start":{"line":120,"column":6},"end":{"line":120,"column":48}},"50":{"start":{"line":121,"column":6},"end":{"line":121,"column":27}},"51":{"start":{"line":124,"column":20},"end":{"line":127,"column":null}},"52":{"start":{"line":126,"column":8},"end":{"line":127,"column":55}},"53":{"start":{"line":130,"column":4},"end":{"line":130,"column":46}},"54":{"start":{"line":131,"column":4},"end":{"line":131,"column":68}},"55":{"start":{"line":132,"column":4},"end":{"line":132,"column":19}},"56":{"start":{"line":108,"column":0},"end":{"line":108,"column":13}},"57":{"start":{"line":136,"column":13},"end":{"line":136,"column":52}}},"fnMap":{"0":{"name":"(anonymous_0)","decl":{"start":{"line":17,"column":2},"end":{"line":17,"column":null}},"loc":{"start":{"line":17,"column":2},"end":{"line":20,"column":3}}},"1":{"name":"(anonymous_1)","decl":{"start":{"line":22,"column":12},"end":{"line":22,"column":34}},"loc":{"start":{"line":22,"column":34},"end":{"line":31,"column":3}}},"2":{"name":"(anonymous_2)","decl":{"start":{"line":26,"column":19},"end":{"line":26,"column":20}},"loc":{"start":{"line":26,"column":38},"end":{"line":29,"column":5}}},"3":{"name":"(anonymous_3)","decl":{"start":{"line":33,"column":2},"end":{"line":33,"column":7}},"loc":{"start":{"line":33,"column":63},"end":{"line":59,"column":3}}},"4":{"name":"(anonymous_4)","decl":{"start":{"line":48,"column":14},"end":{"line":48,"column":18}},"loc":{"start":{"line":48,"column":21},"end":{"line":53,"column":7}}},"5":{"name":"(anonymous_5)","decl":{"start":{"line":61,"column":2},"end":{"line":61,"column":7}},"loc":{"start":{"line":61,"column":18},"end":{"line":64,"column":3}}},"6":{"name":"(anonymous_6)","decl":{"start":{"line":66,"column":2},"end":{"line":66,"column":16}},"loc":{"start":{"line":66,"column":16},"end":{"line":72,"column":3}}},"7":{"name":"(anonymous_7)","decl":{"start":{"line":69,"column":14},"end":{"line":69,"column":17}},"loc":{"start":{"line":69,"column":21},"end":{"line":69,"column":48}}},"8":{"name":"(anonymous_8)","decl":{"start":{"line":75,"column":2},"end":{"line":75,"column":14}},"loc":{"start":{"line":75,"column":14},"end":{"line":77,"column":3}}},"9":{"name":"(anonymous_9)","decl":{"start":{"line":79,"column":2},"end":{"line":79,"column":14}},"loc":{"start":{"line":79,"column":43},"end":{"line":81,"column":3}}},"10":{"name":"(anonymous_10)","decl":{"start":{"line":83,"column":2},"end":{"line":83,"column":16}},"loc":{"start":{"line":83,"column":16},"end":{"line":85,"column":3}}},"11":{"name":"(anonymous_11)","decl":{"start":{"line":87,"column":2},"end":{"line":87,"column":16}},"loc":{"start":{"line":87,"column":49},"end":{"line":89,"column":3}}},"12":{"name":"(anonymous_12)","decl":{"start":{"line":91,"column":2},"end":{"line":91,"column":17}},"loc":{"start":{"line":91,"column":17},"end":{"line":93,"column":3}}},"13":{"name":"(anonymous_13)","decl":{"start":{"line":95,"column":2},"end":{"line":95,"column":17}},"loc":{"start":{"line":95,"column":49},"end":{"line":97,"column":3}}},"14":{"name":"(anonymous_14)","decl":{"start":{"line":99,"column":2},"end":{"line":99,"column":22}},"loc":{"start":{"line":99,"column":22},"end":{"line":101,"column":3}}},"15":{"name":"(anonymous_15)","decl":{"start":{"line":103,"column":2},"end":{"line":103,"column":23}},"loc":{"start":{"line":103,"column":51},"end":{"line":105,"column":3}}},"16":{"name":"(anonymous_16)","decl":{"start":{"line":109,"column":2},"end":{"line":109,"column":7}},"loc":{"start":{"line":109,"column":34},"end":{"line":133,"column":3}}},"17":{"name":"(anonymous_17)","decl":{"start":{"line":125,"column":14},"end":{"line":125,"column":18}},"loc":{"start":{"line":126,"column":8},"end":{"line":127,"column":55}}}},"branchMap":{"0":{"loc":{"start":{"line":24,"column":4},"end":{"line":24,"column":24}},"type":"if","locations":[{"start":{"line":24,"column":4},"end":{"line":24,"column":24}}]},"1":{"loc":{"start":{"line":33,"column":53},"end":{"line":33,"column":63}},"type":"default-arg","locations":[{"start":{"line":33,"column":61},"end":{"line":33,"column":63}}]},"2":{"loc":{"start":{"line":34,"column":4},"end":{"line":36,"column":5}},"type":"if","locations":[{"start":{"line":34,"column":4},"end":{"line":36,"column":5}}]},"3":{"loc":{"start":{"line":42,"column":4},"end":{"line":44,"column":5}},"type":"if","locations":[{"start":{"line":42,"column":4},"end":{"line":44,"column":5}}]},"4":{"loc":{"start":{"line":49,"column":29},"end":{"line":50,"column":75}},"type":"binary-expr","locations":[{"start":{"line":49,"column":29},"end":{"line":49,"column":73}},{"start":{"line":50,"column":28},"end":{"line":50,"column":75}}]},"5":{"loc":{"start":{"line":51,"column":30},"end":{"line":51,"column":73}},"type":"binary-expr","locations":[{"start":{"line":51,"column":30},"end":{"line":51,"column":37}},{"start":{"line":51,"column":41},"end":{"line":51,"column":73}}]},"6":{"loc":{"start":{"line":52,"column":15},"end":{"line":52,"column":44}},"type":"binary-expr","locations":[{"start":{"line":52,"column":15},"end":{"line":52,"column":27}},{"start":{"line":52,"column":31},"end":{"line":52,"column":44}}]},"7":{"loc":{"start":{"line":62,"column":4},"end":{"line":62,"column":40}},"type":"if","locations":[{"start":{"line":62,"column":4},"end":{"line":62,"column":40}}]},"8":{"loc":{"start":{"line":110,"column":4},"end":{"line":112,"column":5}},"type":"if","locations":[{"start":{"line":110,"column":4},"end":{"line":112,"column":5}}]},"9":{"loc":{"start":{"line":119,"column":4},"end":{"line":122,"column":5}},"type":"if","locations":[{"start":{"line":119,"column":4},"end":{"line":122,"column":5}}]},"10":{"loc":{"start":{"line":126,"column":8},"end":{"line":127,"column":55}},"type":"binary-expr","locations":[{"start":{"line":126,"column":8},"end":{"line":126,"column":52}},{"start":{"line":127,"column":8},"end":{"line":127,"column":55}}]}},"s":{"0":1,"1":6,"2":6,"3":6,"4":6,"5":6,"6":11,"7":11,"8":0,"9":11,"10":11,"11":11,"12":11,"13":3,"14":1,"15":2,"16":2,"17":2,"18":2,"19":0,"20":2,"21":3,"22":3,"23":3,"24":2,"25":2,"26":1,"27":1,"28":0,"29":1,"30":1,"31":1,"32":1,"33":1,"34":1,"35":0,"36":6,"37":1,"38":1,"39":0,"40":0,"41":1,"42":0,"43":0,"44":0,"45":0,"46":0,"47":0,"48":0,"49":0,"50":0,"51":0,"52":0,"53":0,"54":0,"55":0,"56":1,"57":1},"f":{"0":6,"1":11,"2":11,"3":3,"4":3,"5":1,"6":1,"7":1,"8":1,"9":1,"10":0,"11":6,"12":1,"13":1,"14":0,"15":0,"16":0,"17":0},"b":{"0":[0],"1":[3],"2":[1],"3":[0],"4":[3,2],"5":[3,0],"6":[3,1],"7":[1],"8":[0],"9":[0],"10":[0,0]}}
}
