TN:
SF:src/services/CityService.ts
FN:17,(anonymous_0)
FN:22,(anonymous_1)
FN:26,(anonymous_2)
FN:33,(anonymous_3)
FN:48,(anonymous_4)
FN:61,(anonymous_5)
FN:66,(anonymous_6)
FN:69,(anonymous_7)
FN:75,(anonymous_8)
FN:79,(anonymous_9)
FN:83,(anonymous_10)
FN:87,(anonymous_11)
FN:91,(anonymous_12)
FN:95,(anonymous_13)
FN:99,(anonymous_14)
FN:103,(anonymous_15)
FN:109,(anonymous_16)
FN:125,(anonymous_17)
FNF:18
FNH:13
FNDA:6,(anonymous_0)
FNDA:11,(anonymous_1)
FNDA:11,(anonymous_2)
FNDA:3,(anonymous_3)
FNDA:3,(anonymous_4)
FNDA:1,(anonymous_5)
FNDA:1,(anonymous_6)
FNDA:1,(anonymous_7)
FNDA:1,(anonymous_8)
FNDA:1,(anonymous_9)
FNDA:0,(anonymous_10)
FNDA:6,(anonymous_11)
FNDA:1,(anonymous_12)
FNDA:1,(anonymous_13)
FNDA:0,(anonymous_14)
FNDA:0,(anonymous_15)
FNDA:0,(anonymous_16)
FNDA:0,(anonymous_17)
DA:1,1
DA:11,1
DA:12,6
DA:13,6
DA:14,6
DA:15,6
DA:19,6
DA:23,11
DA:24,11
DA:26,11
DA:27,11
DA:28,11
DA:30,11
DA:34,3
DA:35,1
DA:39,2
DA:40,2
DA:41,2
DA:42,2
DA:43,0
DA:47,2
DA:49,3
DA:51,3
DA:52,3
DA:57,2
DA:58,2
DA:62,1
DA:63,0
DA:67,1
DA:68,1
DA:69,1
DA:71,1
DA:76,1
DA:80,1
DA:84,0
DA:88,6
DA:92,1
DA:96,1
DA:100,0
DA:104,0
DA:108,1
DA:110,0
DA:111,0
DA:114,0
DA:115,0
DA:116,0
DA:118,0
DA:119,0
DA:120,0
DA:121,0
DA:124,0
DA:126,0
DA:130,0
DA:131,0
DA:132,0
DA:136,1
LF:56
LH:37
BRDA:24,0,0,0
BRDA:33,1,0,3
BRDA:34,2,0,1
BRDA:42,3,0,0
BRDA:49,4,0,3
BRDA:49,4,1,2
BRDA:51,5,0,3
BRDA:51,5,1,0
BRDA:52,6,0,3
BRDA:52,6,1,1
BRDA:62,7,0,1
BRDA:110,8,0,0
BRDA:119,9,0,0
BRDA:126,10,0,0
BRDA:126,10,1,0
BRF:15
BRH:8
end_of_record
